app/manifest-merger-release-report.txt
-- Merging decision tree log ---
manifest
ADDED from AndroidManifest.xml:2:1
	package
		ADDED from AndroidManifest.xml:3:5
		INJECTED from AndroidManifest.xml:0:0
		INJECTED from AndroidManifest.xml:0:0
	android:versionName
		INJECTED from AndroidManifest.xml:0:0
		INJECTED from AndroidManifest.xml:0:0
	xmlns:android
		ADDED from AndroidManifest.xml:2:11
	android:versionCode
		INJECTED from AndroidManifest.xml:0:0
		INJECTED from AndroidManifest.xml:0:0
uses-permission#android.permission.ACCESS_NETWORK_STATE
ADDED from AndroidManifest.xml:5:5
	android:name
		ADDED from AndroidManifest.xml:5:22
uses-permission#android.permission.INTERNET
ADDED from AndroidManifest.xml:6:5
	android:name
		ADDED from AndroidManifest.xml:6:22
uses-permission#android.permission.WRITE_EXTERNAL_STORAGE
ADDED from AndroidManifest.xml:7:5
	android:name
		ADDED from AndroidManifest.xml:7:22
uses-permission#android.permission.WAKE_LOCK
ADDED from AndroidManifest.xml:8:5
	android:name
		ADDED from AndroidManifest.xml:8:22
uses-permission#android.permission.RECEIVE_BOOT_COMPLETED
ADDED from AndroidManifest.xml:9:5
	android:name
		ADDED from AndroidManifest.xml:9:22
uses-permission#android.permission.VIBRATE
ADDED from AndroidManifest.xml:10:5
	android:name
		ADDED from AndroidManifest.xml:10:22
uses-permission#android.permission.GET_ACCOUNTS
ADDED from AndroidManifest.xml:11:5
	android:name
		ADDED from AndroidManifest.xml:11:22
uses-permission#com.google.android.c2dm.permission.RECEIVE
ADDED from AndroidManifest.xml:12:5
	android:name
		ADDED from AndroidManifest.xml:12:22
permission#com.traviswooten.playtime.permission.C2D_MESSAGE
ADDED from AndroidManifest.xml:14:5
	android:protectionLevel
		ADDED from AndroidManifest.xml:16:9
	android:name
		ADDED from AndroidManifest.xml:15:9
uses-permission#com.parse.tutorials.pushnotifications.permission.C2D_MESSAGE
ADDED from AndroidManifest.xml:18:5
	android:name
		ADDED from AndroidManifest.xml:18:22
application
ADDED from AndroidManifest.xml:20:5
MERGED from com.facebook.android:facebook-android-sdk:3.21.1:24:5
MERGED from com.android.support:support-v4:20.0.0:17:5
	android:label
		ADDED from AndroidManifest.xml:24:9
	android:allowBackup
		ADDED from AndroidManifest.xml:22:9
	android:icon
		ADDED from AndroidManifest.xml:23:9
	android:theme
		ADDED from AndroidManifest.xml:25:9
	android:name
		ADDED from AndroidManifest.xml:21:9
activity#com.traviswooten.playtime.activities.SplashActivity
ADDED from AndroidManifest.xml:26:9
	android:label
		ADDED from AndroidManifest.xml:28:13
	android:theme
		ADDED from AndroidManifest.xml:29:13
	android:name
		ADDED from AndroidManifest.xml:27:13
intent-filter#android.intent.action.MAIN+android.intent.category.LAUNCHER
ADDED from AndroidManifest.xml:30:13
action#android.intent.action.MAIN
ADDED from AndroidManifest.xml:31:17
	android:name
		ADDED from AndroidManifest.xml:31:25
category#android.intent.category.LAUNCHER
ADDED from AndroidManifest.xml:33:17
	android:name
		ADDED from AndroidManifest.xml:33:27
activity#com.traviswooten.playtime.activities.MainActivity
ADDED from AndroidManifest.xml:36:9
	android:label
		ADDED from AndroidManifest.xml:38:13
	android:name
		ADDED from AndroidManifest.xml:37:13
activity#com.facebook.LoginActivity
ADDED from AndroidManifest.xml:40:9
	android:label
		ADDED from AndroidManifest.xml:42:13
	android:theme
		ADDED from AndroidManifest.xml:43:13
	android:name
		ADDED from AndroidManifest.xml:41:13
meta-data#com.facebook.sdk.ApplicationId
ADDED from AndroidManifest.xml:45:9
	android:value
		ADDED from AndroidManifest.xml:47:13
	android:name
		ADDED from AndroidManifest.xml:46:13
activity#com.traviswooten.playtime.activities.SignUpActivity
ADDED from AndroidManifest.xml:49:9
	android:label
		ADDED from AndroidManifest.xml:51:13
	android:name
		ADDED from AndroidManifest.xml:50:13
service#com.parse.PushService
ADDED from AndroidManifest.xml:53:9
	android:name
		ADDED from AndroidManifest.xml:53:18
receiver#com.parse.ParseBroadcastReceiver
ADDED from AndroidManifest.xml:55:9
	android:name
		ADDED from AndroidManifest.xml:55:19
intent-filter#android.intent.action.BOOT_COMPLETED+android.intent.action.USER_PRESENT
ADDED from AndroidManifest.xml:56:13
action#android.intent.action.BOOT_COMPLETED
ADDED from AndroidManifest.xml:57:17
	android:name
		ADDED from AndroidManifest.xml:57:25
action#android.intent.action.USER_PRESENT
ADDED from AndroidManifest.xml:58:17
	android:name
		ADDED from AndroidManifest.xml:58:25
receiver#com.parse.GcmBroadcastReceiver
ADDED from AndroidManifest.xml:61:9
	android:permission
		ADDED from AndroidManifest.xml:63:13
	android:name
		ADDED from AndroidManifest.xml:62:13
intent-filter#com.google.android.c2dm.intent.RECEIVE+com.google.android.c2dm.intent.REGISTRATION+com.traviswooten.playtime
ADDED from AndroidManifest.xml:64:13
action#com.google.android.c2dm.intent.RECEIVE
ADDED from AndroidManifest.xml:65:17
	android:name
		ADDED from AndroidManifest.xml:65:25
action#com.google.android.c2dm.intent.REGISTRATION
ADDED from AndroidManifest.xml:66:17
	android:name
		ADDED from AndroidManifest.xml:66:25
category#com.traviswooten.playtime
ADDED from AndroidManifest.xml:68:17
	android:name
		ADDED from AndroidManifest.xml:68:27
receiver#com.parse.ParsePushBroadcastReceiver
ADDED from AndroidManifest.xml:71:9
	android:exported
		ADDED from AndroidManifest.xml:73:13
	android:name
		ADDED from AndroidManifest.xml:72:13
intent-filter#com.parse.push.intent.DELETE+com.parse.push.intent.OPEN+com.parse.push.intent.RECEIVE
ADDED from AndroidManifest.xml:74:13
action#com.parse.push.intent.RECEIVE
ADDED from AndroidManifest.xml:75:17
	android:name
		ADDED from AndroidManifest.xml:75:25
action#com.parse.push.intent.DELETE
ADDED from AndroidManifest.xml:76:17
	android:name
		ADDED from AndroidManifest.xml:76:25
action#com.parse.push.intent.OPEN
ADDED from AndroidManifest.xml:77:17
	android:name
		ADDED from AndroidManifest.xml:77:25
receiver#com.traviswooten.playtime.receivers.PlaytimeParseReceiver
ADDED from AndroidManifest.xml:86:9
	android:enabled
		ADDED from AndroidManifest.xml:88:13
	android:exported
		ADDED from AndroidManifest.xml:89:13
	android:name
		ADDED from AndroidManifest.xml:87:13
uses-sdk
INJECTED from AndroidManifest.xml:0:0 reason: use-sdk injection requested
MERGED from com.facebook.android:facebook-android-sdk:3.21.1:20:5
MERGED from com.android.support:support-v4:20.0.0:16:5
	android:targetSdkVersion
		INJECTED from AndroidManifest.xml:0:0
		INJECTED from AndroidManifest.xml:0:0
	android:minSdkVersion
		INJECTED from AndroidManifest.xml:0:0
		INJECTED from AndroidManifest.xml:0:0